c:\users\robert\onedrive\documents\cores2026\qupls\software\fpp64\fpp64\fpp64\x64\debug\vc143.pdb
c:\users\robert\onedrive\documents\cores2026\qupls\software\fpp64\fpp64\fpp64\x64\debug\vc143.idb
c:\users\robert\onedrive\documents\cores2026\qupls\software\fpp64\fpp64\fpp64\x64\debug\utility.obj
c:\users\robert\onedrive\documents\cores2026\qupls\software\fpp64\fpp64\fpp64\x64\debug\sub.obj
c:\users\robert\onedrive\documents\cores2026\qupls\software\fpp64\fpp64\fpp64\x64\debug\shellsrt.obj
c:\users\robert\onedrive\documents\cores2026\qupls\software\fpp64\fpp64\fpp64\x64\debug\searchen.obj
c:\users\robert\onedrive\documents\cores2026\qupls\software\fpp64\fpp64\fpp64\x64\debug\rtrim.obj
c:\users\robert\onedrive\documents\cores2026\qupls\software\fpp64\fpp64\fpp64\x64\debug\repeat.obj
c:\users\robert\onedrive\documents\cores2026\qupls\software\fpp64\fpp64\fpp64\x64\debug\macro.obj
c:\users\robert\onedrive\documents\cores2026\qupls\software\fpp64\fpp64\fpp64\x64\debug\input.obj
c:\users\robert\onedrive\documents\cores2026\qupls\software\fpp64\fpp64\fpp64\x64\debug\if.obj
c:\users\robert\onedrive\documents\cores2026\qupls\software\fpp64\fpp64\fpp64\x64\debug\htsymhsh.obj
c:\users\robert\onedrive\documents\cores2026\qupls\software\fpp64\fpp64\fpp64\x64\debug\ht.obj
c:\users\robert\onedrive\documents\cores2026\qupls\software\fpp64\fpp64\fpp64\x64\debug\getident.obj
c:\users\robert\onedrive\documents\cores2026\qupls\software\fpp64\fpp64\fpp64\x64\debug\getarg.obj
c:\users\robert\onedrive\documents\cores2026\qupls\software\fpp64\fpp64\fpp64\x64\debug\fpp.obj
c:\users\robert\onedrive\documents\cores2026\qupls\software\fpp64\fpp64\fpp64\x64\debug\expr.obj
c:\users\robert\onedrive\documents\cores2026\qupls\software\fpp64\fpp64\fpp64\x64\debug\err.obj
c:\users\robert\onedrive\documents\cores2026\qupls\software\fpp64\fpp64\fpp64\x64\debug\buf.obj
c:\users\robert\onedrive\documents\cores2026\arpl\arpl\x64\debug\fpp64.exe
c:\users\robert\onedrive\documents\cores2026\arpl\arpl\x64\debug\fpp64.pdb
c:\users\robert\onedrive\documents\cores2026\qupls\software\fpp64\fpp64\fpp64\x64\debug\fpp64.ilk
c:\users\robert\onedrive\documents\cores2026\qupls\software\fpp64\fpp64\fpp64\x64\debug\fpp64.tlog\cl.command.1.tlog
c:\users\robert\onedrive\documents\cores2026\qupls\software\fpp64\fpp64\fpp64\x64\debug\fpp64.tlog\cl.items.tlog
c:\users\robert\onedrive\documents\cores2026\qupls\software\fpp64\fpp64\fpp64\x64\debug\fpp64.tlog\cl.read.1.tlog
c:\users\robert\onedrive\documents\cores2026\qupls\software\fpp64\fpp64\fpp64\x64\debug\fpp64.tlog\cl.write.1.tlog
c:\users\robert\onedrive\documents\cores2026\qupls\software\fpp64\fpp64\fpp64\x64\debug\fpp64.tlog\link.command.1.tlog
c:\users\robert\onedrive\documents\cores2026\qupls\software\fpp64\fpp64\fpp64\x64\debug\fpp64.tlog\link.read.1.tlog
c:\users\robert\onedrive\documents\cores2026\qupls\software\fpp64\fpp64\fpp64\x64\debug\fpp64.tlog\link.secondary.1.tlog
c:\users\robert\onedrive\documents\cores2026\qupls\software\fpp64\fpp64\fpp64\x64\debug\fpp64.tlog\link.write.1.tlog
